<?xml version="1.0" encoding="UTF-8"?>
<!-- Generated by org.testng.reporters.JUnitReportReporter -->
<testsuite skipped="0" hostname="CH004695" name="TestHelloworld" tests="1" failures="0" timestamp="29 Oct 2018 00:35:51 GMT" time="0.016" errors="0">
  <testcase name="Test" time="0.016" classname="TestHelloworld"/>
</testsuite> <!-- TestHelloworld -->
